<?xml version="1.0" encoding="UTF-8"?>
<coverage generated="1583916609341" clover="3.2.0">
  <project timestamp="1583916609341" name="All files">
    <metrics statements="6" coveredstatements="4" conditionals="0" coveredconditionals="0" methods="3" coveredmethods="1" elements="9" coveredelements="5" complexity="0" loc="6" ncloc="6" packages="1" files="1" classes="1"/>
    <file name="lyne-cta-button.tsx" path="/home/travis/build/lyne-design-system/lyne-components/src/components/lyne-cta-button/lyne-cta-button.tsx">
      <metrics statements="6" coveredstatements="4" conditionals="0" coveredconditionals="0" methods="3" coveredmethods="1"/>
      <line num="1" count="1" type="stmt"/>
      <line num="9" count="1" type="stmt"/>
      <line num="21" count="1" type="stmt"/>
      <line num="23" count="1" type="stmt"/>
      <line num="24" count="0" type="stmt"/>
      <line num="28" count="0" type="stmt"/>
    </file>
  </project>
</coverage>
